{"/Users/nhinlechi/Documents/Repos/training/system-design-practice/projects/clinic_appointment_system/src/src/app.controller.ts": {"path":"/Users/nhinlechi/Documents/Repos/training/system-design-practice/projects/clinic_appointment_system/src/src/app.controller.ts","statementMap":{"0":{"start":{"line":1,"column":0},"end":{"line":1,"column":49}},"1":{"start":{"line":2,"column":0},"end":{"line":2,"column":43}},"2":{"start":{"line":5,"column":7},"end":{"line":12,"column":null}},"3":{"start":{"line":6,"column":31},"end":{"line":6,"column":43}},"4":{"start":{"line":10,"column":4},"end":{"line":10,"column":38}},"5":{"start":{"line":5,"column":13},"end":{"line":5,"column":26}},"6":{"start":{"line":9,"column":2},"end":{"line":11,"column":null}},"7":{"start":{"line":5,"column":13},"end":{"line":12,"column":null}}},"fnMap":{"0":{"name":"(anonymous_2)","decl":{"start":{"line":6,"column":2},"end":{"line":6,"column":31}},"loc":{"start":{"line":6,"column":53},"end":{"line":6,"column":57}}},"1":{"name":"(anonymous_3)","decl":{"start":{"line":9,"column":2},"end":{"line":9,"column":10}},"loc":{"start":{"line":9,"column":10},"end":{"line":11,"column":3}}}},"branchMap":{"0":{"loc":{"start":{"line":6,"column":43},"end":{"line":6,"column":56}},"type":"cond-expr","locations":[{"start":{"line":6,"column":53},"end":{"line":6,"column":56}},{"start":{"line":6,"column":53},"end":{"line":6,"column":56}}]},"1":{"loc":{"start":{"line":6,"column":43},"end":{"line":6,"column":53}},"type":"binary-expr","locations":[{"start":{"line":6,"column":43},"end":{"line":6,"column":56}},{"start":{"line":6,"column":43},"end":{"line":6,"column":53}}]}},"s":{"0":1,"1":1,"2":1,"3":1,"4":1,"5":1,"6":1,"7":1},"f":{"0":1,"1":1},"b":{"0":[1,0],"1":[1,1]}}
,"/Users/nhinlechi/Documents/Repos/training/system-design-practice/projects/clinic_appointment_system/src/src/app.module.ts": {"path":"/Users/nhinlechi/Documents/Repos/training/system-design-practice/projects/clinic_appointment_system/src/src/app.module.ts","statementMap":{"0":{"start":{"line":1,"column":0},"end":{"line":1,"column":40}},"1":{"start":{"line":2,"column":0},"end":{"line":2,"column":49}},"2":{"start":{"line":3,"column":0},"end":{"line":3,"column":43}},"3":{"start":{"line":4,"column":0},"end":{"line":4,"column":54}},"4":{"start":{"line":5,"column":0},"end":{"line":5,"column":57}},"5":{"start":{"line":6,"column":0},"end":{"line":6,"column":72}},"6":{"start":{"line":13,"column":7},"end":{"line":13,"column":null}},"7":{"start":{"line":13,"column":13},"end":{"line":13,"column":22}},"8":{"start":{"line":13,"column":13},"end":{"line":13,"column":null}}},"fnMap":{},"branchMap":{},"s":{"0":0,"1":0,"2":0,"3":0,"4":0,"5":0,"6":0,"7":0,"8":0},"f":{},"b":{}}
,"/Users/nhinlechi/Documents/Repos/training/system-design-practice/projects/clinic_appointment_system/src/src/app.service.ts": {"path":"/Users/nhinlechi/Documents/Repos/training/system-design-practice/projects/clinic_appointment_system/src/src/app.service.ts","statementMap":{"0":{"start":{"line":1,"column":0},"end":{"line":1,"column":44}},"1":{"start":{"line":4,"column":7},"end":{"line":8,"column":null}},"2":{"start":{"line":6,"column":4},"end":{"line":6,"column":26}},"3":{"start":{"line":4,"column":13},"end":{"line":4,"column":23}},"4":{"start":{"line":4,"column":13},"end":{"line":8,"column":null}}},"fnMap":{"0":{"name":"(anonymous_1)","decl":{"start":{"line":5,"column":2},"end":{"line":5,"column":10}},"loc":{"start":{"line":5,"column":10},"end":{"line":7,"column":3}}}},"branchMap":{},"s":{"0":1,"1":1,"2":1,"3":1,"4":1},"f":{"0":1},"b":{}}
,"/Users/nhinlechi/Documents/Repos/training/system-design-practice/projects/clinic_appointment_system/src/src/main.ts": {"path":"/Users/nhinlechi/Documents/Repos/training/system-design-practice/projects/clinic_appointment_system/src/src/main.ts","statementMap":{"0":{"start":{"line":1,"column":0},"end":{"line":1,"column":43}},"1":{"start":{"line":2,"column":0},"end":{"line":2,"column":48}},"2":{"start":{"line":3,"column":0},"end":{"line":3,"column":41}},"3":{"start":{"line":6,"column":14},"end":{"line":6,"column":49}},"4":{"start":{"line":9,"column":2},"end":{"line":18,"column":4}},"5":{"start":{"line":21,"column":2},"end":{"line":21,"column":19}},"6":{"start":{"line":23,"column":15},"end":{"line":23,"column":39}},"7":{"start":{"line":24,"column":2},"end":{"line":24,"column":25}},"8":{"start":{"line":25,"column":2},"end":{"line":25,"column":72}},"9":{"start":{"line":28,"column":0},"end":{"line":28,"column":17}}},"fnMap":{"0":{"name":"bootstrap","decl":{"start":{"line":5,"column":15},"end":{"line":5,"column":24}},"loc":{"start":{"line":5,"column":24},"end":{"line":26,"column":1}}}},"branchMap":{"0":{"loc":{"start":{"line":23,"column":15},"end":{"line":23,"column":39}},"type":"binary-expr","locations":[{"start":{"line":23,"column":15},"end":{"line":23,"column":31}},{"start":{"line":23,"column":35},"end":{"line":23,"column":39}}]}},"s":{"0":0,"1":0,"2":0,"3":0,"4":0,"5":0,"6":0,"7":0,"8":0,"9":0},"f":{"0":0},"b":{"0":[0,0]}}
,"/Users/nhinlechi/Documents/Repos/training/system-design-practice/projects/clinic_appointment_system/src/src/appointments/appointments.controller.ts": {"path":"/Users/nhinlechi/Documents/Repos/training/system-design-practice/projects/clinic_appointment_system/src/src/appointments/appointments.controller.ts","statementMap":{"0":{"start":{"line":1,"column":0},"end":{"line":1,"column":null}},"1":{"start":{"line":13,"column":0},"end":{"line":13,"column":61}},"2":{"start":{"line":14,"column":0},"end":{"line":14,"column":71}},"3":{"start":{"line":15,"column":0},"end":{"line":15,"column":42}},"4":{"start":{"line":18,"column":7},"end":{"line":94,"column":null}},"5":{"start":{"line":19,"column":31},"end":{"line":19,"column":52}},"6":{"start":{"line":33,"column":27},"end":{"line":33,"column":40}},"7":{"start":{"line":35,"column":4},"end":{"line":39,"column":6}},"8":{"start":{"line":51,"column":26},"end":{"line":51,"column":41}},"9":{"start":{"line":52,"column":28},"end":{"line":52,"column":42}},"10":{"start":{"line":54,"column":4},"end":{"line":58,"column":6}},"11":{"start":{"line":68,"column":26},"end":{"line":68,"column":41}},"12":{"start":{"line":69,"column":28},"end":{"line":69,"column":42}},"13":{"start":{"line":71,"column":4},"end":{"line":75,"column":6}},"14":{"start":{"line":85,"column":26},"end":{"line":85,"column":41}},"15":{"start":{"line":86,"column":28},"end":{"line":86,"column":42}},"16":{"start":{"line":88,"column":4},"end":{"line":92,"column":6}},"17":{"start":{"line":18,"column":13},"end":{"line":18,"column":35}},"18":{"start":{"line":27,"column":8},"end":{"line":40,"column":null}},"19":{"start":{"line":48,"column":8},"end":{"line":59,"column":null}},"20":{"start":{"line":66,"column":8},"end":{"line":76,"column":null}},"21":{"start":{"line":83,"column":8},"end":{"line":93,"column":null}},"22":{"start":{"line":18,"column":13},"end":{"line":94,"column":null}}},"fnMap":{"0":{"name":"(anonymous_4)","decl":{"start":{"line":19,"column":2},"end":{"line":19,"column":31}},"loc":{"start":{"line":19,"column":71},"end":{"line":19,"column":75}}},"1":{"name":"(anonymous_5)","decl":{"start":{"line":27,"column":8},"end":{"line":27,"column":25}},"loc":{"start":{"line":29,"column":55},"end":{"line":40,"column":3}}},"2":{"name":"(anonymous_6)","decl":{"start":{"line":48,"column":8},"end":{"line":48,"column":24}},"loc":{"start":{"line":48,"column":65},"end":{"line":59,"column":3}}},"3":{"name":"(anonymous_7)","decl":{"start":{"line":66,"column":8},"end":{"line":66,"column":22}},"loc":{"start":{"line":66,"column":46},"end":{"line":76,"column":3}}},"4":{"name":"(anonymous_8)","decl":{"start":{"line":83,"column":8},"end":{"line":83,"column":25}},"loc":{"start":{"line":83,"column":49},"end":{"line":93,"column":3}}}},"branchMap":{"0":{"loc":{"start":{"line":28,"column":17},"end":{"line":28,"column":null}},"type":"cond-expr","locations":[{"start":{"line":28,"column":37},"end":{"line":28,"column":null}},{"start":{"line":28,"column":37},"end":{"line":28,"column":null}}]},"1":{"loc":{"start":{"line":28,"column":17},"end":{"line":28,"column":37}},"type":"binary-expr","locations":[{"start":{"line":28,"column":17},"end":{"line":28,"column":null}},{"start":{"line":28,"column":17},"end":{"line":28,"column":37}}]},"2":{"loc":{"start":{"line":48,"column":41},"end":{"line":48,"column":null}},"type":"cond-expr","locations":[{"start":{"line":48,"column":65},"end":{"line":48,"column":null}},{"start":{"line":48,"column":65},"end":{"line":48,"column":null}}]},"3":{"loc":{"start":{"line":48,"column":41},"end":{"line":48,"column":65}},"type":"binary-expr","locations":[{"start":{"line":48,"column":41},"end":{"line":48,"column":null}},{"start":{"line":48,"column":41},"end":{"line":48,"column":65}}]},"4":{"loc":{"start":{"line":19,"column":52},"end":{"line":19,"column":74}},"type":"cond-expr","locations":[{"start":{"line":19,"column":71},"end":{"line":19,"column":74}},{"start":{"line":19,"column":71},"end":{"line":19,"column":74}}]},"5":{"loc":{"start":{"line":19,"column":52},"end":{"line":19,"column":71}},"type":"binary-expr","locations":[{"start":{"line":19,"column":52},"end":{"line":19,"column":74}},{"start":{"line":19,"column":52},"end":{"line":19,"column":71}}]}},"s":{"0":0,"1":0,"2":0,"3":0,"4":0,"5":0,"6":0,"7":0,"8":0,"9":0,"10":0,"11":0,"12":0,"13":0,"14":0,"15":0,"16":0,"17":0,"18":0,"19":0,"20":0,"21":0,"22":0},"f":{"0":0,"1":0,"2":0,"3":0,"4":0},"b":{"0":[0,0],"1":[0,0],"2":[0,0],"3":[0,0],"4":[0,0],"5":[0,0]}}
,"/Users/nhinlechi/Documents/Repos/training/system-design-practice/projects/clinic_appointment_system/src/src/appointments/appointments.module.ts": {"path":"/Users/nhinlechi/Documents/Repos/training/system-design-practice/projects/clinic_appointment_system/src/src/appointments/appointments.module.ts","statementMap":{"0":{"start":{"line":1,"column":0},"end":{"line":1,"column":40}},"1":{"start":{"line":2,"column":0},"end":{"line":2,"column":67}},"2":{"start":{"line":3,"column":0},"end":{"line":3,"column":61}},"3":{"start":{"line":4,"column":0},"end":{"line":4,"column":55}},"4":{"start":{"line":12,"column":7},"end":{"line":12,"column":null}},"5":{"start":{"line":12,"column":13},"end":{"line":12,"column":31}},"6":{"start":{"line":12,"column":13},"end":{"line":12,"column":null}}},"fnMap":{},"branchMap":{},"s":{"0":0,"1":0,"2":0,"3":0,"4":0,"5":0,"6":0},"f":{},"b":{}}
,"/Users/nhinlechi/Documents/Repos/training/system-design-practice/projects/clinic_appointment_system/src/src/appointments/appointments.service.ts": {"path":"/Users/nhinlechi/Documents/Repos/training/system-design-practice/projects/clinic_appointment_system/src/src/appointments/appointments.service.ts","statementMap":{"0":{"start":{"line":1,"column":0},"end":{"line":1,"column":null}},"1":{"start":{"line":8,"column":0},"end":{"line":8,"column":57}},"2":{"start":{"line":10,"column":0},"end":{"line":10,"column":69}},"3":{"start":{"line":13,"column":7},"end":{"line":426,"column":null}},"4":{"start":{"line":14,"column":22},"end":{"line":14,"column":30}},"5":{"start":{"line":26,"column":4},"end":{"line":55,"column":5}},"6":{"start":{"line":27,"column":34},"end":{"line":45,"column":8}},"7":{"start":{"line":47,"column":6},"end":{"line":54,"column":7}},"8":{"start":{"line":49,"column":8},"end":{"line":53,"column":10}},"9":{"start":{"line":58,"column":17},"end":{"line":72,"column":6}},"10":{"start":{"line":74,"column":4},"end":{"line":76,"column":5}},"11":{"start":{"line":75,"column":6},"end":{"line":75,"column":57}},"12":{"start":{"line":78,"column":4},"end":{"line":80,"column":5}},"13":{"start":{"line":79,"column":6},"end":{"line":79,"column":72}},"14":{"start":{"line":83,"column":4},"end":{"line":85,"column":5}},"15":{"start":{"line":84,"column":6},"end":{"line":84,"column":76}},"16":{"start":{"line":88,"column":4},"end":{"line":92,"column":5}},"17":{"start":{"line":89,"column":6},"end":{"line":91,"column":8}},"18":{"start":{"line":95,"column":20},"end":{"line":97,"column":6}},"19":{"start":{"line":99,"column":4},"end":{"line":101,"column":5}},"20":{"start":{"line":100,"column":6},"end":{"line":100,"column":55}},"21":{"start":{"line":104,"column":21},"end":{"line":106,"column":6}},"22":{"start":{"line":108,"column":4},"end":{"line":110,"column":5}},"23":{"start":{"line":109,"column":6},"end":{"line":109,"column":52}},"24":{"start":{"line":117,"column":24},"end":{"line":139,"column":6}},"25":{"start":{"line":141,"column":4},"end":{"line":145,"column":6}},"26":{"start":{"line":164,"column":8},"end":{"line":164,"column":13}},"27":{"start":{"line":165,"column":17},"end":{"line":165,"column":35}},"28":{"start":{"line":168,"column":48},"end":{"line":168,"column":50}},"29":{"start":{"line":171,"column":4},"end":{"line":202,"column":5}},"30":{"start":{"line":173,"column":6},"end":{"line":173,"column":38}},"31":{"start":{"line":176,"column":6},"end":{"line":180,"column":7}},"32":{"start":{"line":177,"column":8},"end":{"line":179,"column":10}},"33":{"start":{"line":181,"column":11},"end":{"line":202,"column":5}},"34":{"start":{"line":183,"column":6},"end":{"line":185,"column":8}},"35":{"start":{"line":188,"column":6},"end":{"line":190,"column":7}},"36":{"start":{"line":189,"column":8},"end":{"line":189,"column":36}},"37":{"start":{"line":194,"column":6},"end":{"line":198,"column":7}},"38":{"start":{"line":195,"column":8},"end":{"line":197,"column":10}},"39":{"start":{"line":199,"column":6},"end":{"line":201,"column":7}},"40":{"start":{"line":200,"column":8},"end":{"line":200,"column":36}},"41":{"start":{"line":205,"column":4},"end":{"line":207,"column":5}},"42":{"start":{"line":206,"column":6},"end":{"line":206,"column":28}},"43":{"start":{"line":210,"column":4},"end":{"line":229,"column":5}},"44":{"start":{"line":211,"column":6},"end":{"line":213,"column":8}},"45":{"start":{"line":215,"column":6},"end":{"line":228,"column":7}},"46":{"start":{"line":216,"column":8},"end":{"line":219,"column":10}},"47":{"start":{"line":220,"column":13},"end":{"line":228,"column":7}},"48":{"start":{"line":221,"column":8},"end":{"line":223,"column":10}},"49":{"start":{"line":224,"column":13},"end":{"line":228,"column":7}},"50":{"start":{"line":225,"column":8},"end":{"line":227,"column":10}},"51":{"start":{"line":232,"column":18},"end":{"line":232,"column":64}},"52":{"start":{"line":235,"column":25},"end":{"line":257,"column":6}},"53":{"start":{"line":259,"column":4},"end":{"line":268,"column":6}},"54":{"start":{"line":261,"column":38},"end":{"line":261,"column":68}},"55":{"start":{"line":279,"column":24},"end":{"line":294,"column":6}},"56":{"start":{"line":296,"column":4},"end":{"line":298,"column":5}},"57":{"start":{"line":297,"column":6},"end":{"line":297,"column":59}},"58":{"start":{"line":302,"column":6},"end":{"line":303,"column":45}},"59":{"start":{"line":305,"column":6},"end":{"line":306,"column":49}},"60":{"start":{"line":307,"column":20},"end":{"line":307,"column":54}},"61":{"start":{"line":309,"column":4},"end":{"line":313,"column":5}},"62":{"start":{"line":310,"column":6},"end":{"line":312,"column":8}},"63":{"start":{"line":315,"column":4},"end":{"line":318,"column":6}},"64":{"start":{"line":329,"column":24},"end":{"line":339,"column":6}},"65":{"start":{"line":341,"column":4},"end":{"line":343,"column":5}},"66":{"start":{"line":342,"column":6},"end":{"line":342,"column":59}},"67":{"start":{"line":346,"column":4},"end":{"line":348,"column":5}},"68":{"start":{"line":347,"column":6},"end":{"line":347,"column":72}},"69":{"start":{"line":351,"column":4},"end":{"line":353,"column":5}},"70":{"start":{"line":352,"column":6},"end":{"line":352,"column":77}},"71":{"start":{"line":357,"column":6},"end":{"line":358,"column":45}},"72":{"start":{"line":360,"column":6},"end":{"line":361,"column":49}},"73":{"start":{"line":362,"column":20},"end":{"line":362,"column":54}},"74":{"start":{"line":364,"column":4},"end":{"line":368,"column":5}},"75":{"start":{"line":365,"column":6},"end":{"line":367,"column":8}},"76":{"start":{"line":371,"column":4},"end":{"line":373,"column":5}},"77":{"start":{"line":372,"column":6},"end":{"line":372,"column":78}},"78":{"start":{"line":376,"column":22},"end":{"line":382,"column":6}},"79":{"start":{"line":384,"column":4},"end":{"line":392,"column":6}},"80":{"start":{"line":399,"column":4},"end":{"line":424,"column":6}},"81":{"start":{"line":13,"column":13},"end":{"line":13,"column":32}},"82":{"start":{"line":13,"column":13},"end":{"line":426,"column":null}}},"fnMap":{"0":{"name":"(anonymous_2)","decl":{"start":{"line":14,"column":2},"end":{"line":14,"column":22}},"loc":{"start":{"line":14,"column":43},"end":{"line":14,"column":47}}},"1":{"name":"(anonymous_3)","decl":{"start":{"line":20,"column":2},"end":{"line":20,"column":7}},"loc":{"start":{"line":23,"column":27},"end":{"line":146,"column":3}}},"2":{"name":"(anonymous_4)","decl":{"start":{"line":151,"column":2},"end":{"line":151,"column":7}},"loc":{"start":{"line":154,"column":29},"end":{"line":269,"column":3}}},"3":{"name":"(anonymous_5)","decl":{"start":{"line":261,"column":29},"end":{"line":261,"column":30}},"loc":{"start":{"line":261,"column":38},"end":{"line":261,"column":68}}},"4":{"name":"(anonymous_6)","decl":{"start":{"line":274,"column":2},"end":{"line":274,"column":7}},"loc":{"start":{"line":277,"column":29},"end":{"line":319,"column":3}}},"5":{"name":"(anonymous_7)","decl":{"start":{"line":324,"column":2},"end":{"line":324,"column":7}},"loc":{"start":{"line":327,"column":29},"end":{"line":393,"column":3}}},"6":{"name":"(anonymous_8)","decl":{"start":{"line":398,"column":10},"end":{"line":398,"column":30}},"loc":{"start":{"line":398,"column":47},"end":{"line":425,"column":3}}}},"branchMap":{"0":{"loc":{"start":{"line":26,"column":4},"end":{"line":55,"column":5}},"type":"if","locations":[{"start":{"line":26,"column":4},"end":{"line":55,"column":5}},{"start":{},"end":{}}]},"1":{"loc":{"start":{"line":47,"column":6},"end":{"line":54,"column":7}},"type":"if","locations":[{"start":{"line":47,"column":6},"end":{"line":54,"column":7}},{"start":{},"end":{}}]},"2":{"loc":{"start":{"line":74,"column":4},"end":{"line":76,"column":5}},"type":"if","locations":[{"start":{"line":74,"column":4},"end":{"line":76,"column":5}},{"start":{},"end":{}}]},"3":{"loc":{"start":{"line":78,"column":4},"end":{"line":80,"column":5}},"type":"if","locations":[{"start":{"line":78,"column":4},"end":{"line":80,"column":5}},{"start":{},"end":{}}]},"4":{"loc":{"start":{"line":83,"column":4},"end":{"line":85,"column":5}},"type":"if","locations":[{"start":{"line":83,"column":4},"end":{"line":85,"column":5}},{"start":{},"end":{}}]},"5":{"loc":{"start":{"line":88,"column":4},"end":{"line":92,"column":5}},"type":"if","locations":[{"start":{"line":88,"column":4},"end":{"line":92,"column":5}},{"start":{},"end":{}}]},"6":{"loc":{"start":{"line":99,"column":4},"end":{"line":101,"column":5}},"type":"if","locations":[{"start":{"line":99,"column":4},"end":{"line":101,"column":5}},{"start":{},"end":{}}]},"7":{"loc":{"start":{"line":99,"column":8},"end":{"line":99,"column":53}},"type":"binary-expr","locations":[{"start":{"line":99,"column":8},"end":{"line":99,"column":16}},{"start":{"line":99,"column":20},"end":{"line":99,"column":53}}]},"8":{"loc":{"start":{"line":108,"column":4},"end":{"line":110,"column":5}},"type":"if","locations":[{"start":{"line":108,"column":4},"end":{"line":110,"column":5}},{"start":{},"end":{}}]},"9":{"loc":{"start":{"line":123,"column":15},"end":{"line":123,"column":32}},"type":"binary-expr","locations":[{"start":{"line":123,"column":15},"end":{"line":123,"column":24}},{"start":{"line":123,"column":28},"end":{"line":123,"column":32}}]},"10":{"loc":{"start":{"line":157,"column":6},"end":{"line":157,"column":14}},"type":"default-arg","locations":[{"start":{"line":157,"column":13},"end":{"line":157,"column":14}}]},"11":{"loc":{"start":{"line":158,"column":6},"end":{"line":158,"column":16}},"type":"default-arg","locations":[{"start":{"line":158,"column":14},"end":{"line":158,"column":16}}]},"12":{"loc":{"start":{"line":171,"column":4},"end":{"line":202,"column":5}},"type":"if","locations":[{"start":{"line":171,"column":4},"end":{"line":202,"column":5}},{"start":{"line":181,"column":11},"end":{"line":202,"column":5}}]},"13":{"loc":{"start":{"line":176,"column":6},"end":{"line":180,"column":7}},"type":"if","locations":[{"start":{"line":176,"column":6},"end":{"line":180,"column":7}},{"start":{},"end":{}}]},"14":{"loc":{"start":{"line":181,"column":11},"end":{"line":202,"column":5}},"type":"if","locations":[{"start":{"line":181,"column":11},"end":{"line":202,"column":5}},{"start":{"line":191,"column":11},"end":{"line":202,"column":5}}]},"15":{"loc":{"start":{"line":188,"column":6},"end":{"line":190,"column":7}},"type":"if","locations":[{"start":{"line":188,"column":6},"end":{"line":190,"column":7}},{"start":{},"end":{}}]},"16":{"loc":{"start":{"line":194,"column":6},"end":{"line":198,"column":7}},"type":"if","locations":[{"start":{"line":194,"column":6},"end":{"line":198,"column":7}},{"start":{},"end":{}}]},"17":{"loc":{"start":{"line":199,"column":6},"end":{"line":201,"column":7}},"type":"if","locations":[{"start":{"line":199,"column":6},"end":{"line":201,"column":7}},{"start":{},"end":{}}]},"18":{"loc":{"start":{"line":205,"column":4},"end":{"line":207,"column":5}},"type":"if","locations":[{"start":{"line":205,"column":4},"end":{"line":207,"column":5}},{"start":{},"end":{}}]},"19":{"loc":{"start":{"line":210,"column":4},"end":{"line":229,"column":5}},"type":"if","locations":[{"start":{"line":210,"column":4},"end":{"line":229,"column":5}},{"start":{},"end":{}}]},"20":{"loc":{"start":{"line":210,"column":8},"end":{"line":210,"column":28}},"type":"binary-expr","locations":[{"start":{"line":210,"column":8},"end":{"line":210,"column":17}},{"start":{"line":210,"column":21},"end":{"line":210,"column":28}}]},"21":{"loc":{"start":{"line":215,"column":6},"end":{"line":228,"column":7}},"type":"if","locations":[{"start":{"line":215,"column":6},"end":{"line":228,"column":7}},{"start":{"line":220,"column":13},"end":{"line":228,"column":7}}]},"22":{"loc":{"start":{"line":215,"column":10},"end":{"line":215,"column":30}},"type":"binary-expr","locations":[{"start":{"line":215,"column":10},"end":{"line":215,"column":19}},{"start":{"line":215,"column":23},"end":{"line":215,"column":30}}]},"23":{"loc":{"start":{"line":220,"column":13},"end":{"line":228,"column":7}},"type":"if","locations":[{"start":{"line":220,"column":13},"end":{"line":228,"column":7}},{"start":{"line":224,"column":13},"end":{"line":228,"column":7}}]},"24":{"loc":{"start":{"line":224,"column":13},"end":{"line":228,"column":7}},"type":"if","locations":[{"start":{"line":224,"column":13},"end":{"line":228,"column":7}},{"start":{},"end":{}}]},"25":{"loc":{"start":{"line":296,"column":4},"end":{"line":298,"column":5}},"type":"if","locations":[{"start":{"line":296,"column":4},"end":{"line":298,"column":5}},{"start":{},"end":{}}]},"26":{"loc":{"start":{"line":302,"column":6},"end":{"line":303,"column":45}},"type":"binary-expr","locations":[{"start":{"line":302,"column":6},"end":{"line":302,"column":42}},{"start":{"line":303,"column":6},"end":{"line":303,"column":45}}]},"27":{"loc":{"start":{"line":305,"column":6},"end":{"line":306,"column":49}},"type":"binary-expr","locations":[{"start":{"line":305,"column":6},"end":{"line":305,"column":41}},{"start":{"line":306,"column":6},"end":{"line":306,"column":49}}]},"28":{"loc":{"start":{"line":309,"column":4},"end":{"line":313,"column":5}},"type":"if","locations":[{"start":{"line":309,"column":4},"end":{"line":313,"column":5}},{"start":{},"end":{}}]},"29":{"loc":{"start":{"line":309,"column":8},"end":{"line":309,"column":43}},"type":"binary-expr","locations":[{"start":{"line":309,"column":8},"end":{"line":309,"column":18}},{"start":{"line":309,"column":22},"end":{"line":309,"column":31}},{"start":{"line":309,"column":35},"end":{"line":309,"column":43}}]},"30":{"loc":{"start":{"line":341,"column":4},"end":{"line":343,"column":5}},"type":"if","locations":[{"start":{"line":341,"column":4},"end":{"line":343,"column":5}},{"start":{},"end":{}}]},"31":{"loc":{"start":{"line":346,"column":4},"end":{"line":348,"column":5}},"type":"if","locations":[{"start":{"line":346,"column":4},"end":{"line":348,"column":5}},{"start":{},"end":{}}]},"32":{"loc":{"start":{"line":351,"column":4},"end":{"line":353,"column":5}},"type":"if","locations":[{"start":{"line":351,"column":4},"end":{"line":353,"column":5}},{"start":{},"end":{}}]},"33":{"loc":{"start":{"line":357,"column":6},"end":{"line":358,"column":45}},"type":"binary-expr","locations":[{"start":{"line":357,"column":6},"end":{"line":357,"column":42}},{"start":{"line":358,"column":6},"end":{"line":358,"column":45}}]},"34":{"loc":{"start":{"line":360,"column":6},"end":{"line":361,"column":49}},"type":"binary-expr","locations":[{"start":{"line":360,"column":6},"end":{"line":360,"column":41}},{"start":{"line":361,"column":6},"end":{"line":361,"column":49}}]},"35":{"loc":{"start":{"line":364,"column":4},"end":{"line":368,"column":5}},"type":"if","locations":[{"start":{"line":364,"column":4},"end":{"line":368,"column":5}},{"start":{},"end":{}}]},"36":{"loc":{"start":{"line":364,"column":8},"end":{"line":364,"column":43}},"type":"binary-expr","locations":[{"start":{"line":364,"column":8},"end":{"line":364,"column":18}},{"start":{"line":364,"column":22},"end":{"line":364,"column":31}},{"start":{"line":364,"column":35},"end":{"line":364,"column":43}}]},"37":{"loc":{"start":{"line":371,"column":4},"end":{"line":373,"column":5}},"type":"if","locations":[{"start":{"line":371,"column":4},"end":{"line":373,"column":5}},{"start":{},"end":{}}]},"38":{"loc":{"start":{"line":412,"column":10},"end":{"line":412,"column":71}},"type":"binary-expr","locations":[{"start":{"line":412,"column":10},"end":{"line":412,"column":58}},{"start":{"line":412,"column":62},"end":{"line":412,"column":71}}]},"39":{"loc":{"start":{"line":14,"column":30},"end":{"line":14,"column":46}},"type":"cond-expr","locations":[{"start":{"line":14,"column":43},"end":{"line":14,"column":46}},{"start":{"line":14,"column":43},"end":{"line":14,"column":46}}]},"40":{"loc":{"start":{"line":14,"column":30},"end":{"line":14,"column":43}},"type":"binary-expr","locations":[{"start":{"line":14,"column":30},"end":{"line":14,"column":46}},{"start":{"line":14,"column":30},"end":{"line":14,"column":43}}]}},"s":{"0":1,"1":1,"2":1,"3":1,"4":24,"5":7,"6":7,"7":7,"8":1,"9":6,"10":6,"11":1,"12":5,"13":1,"14":4,"15":2,"16":2,"17":0,"18":0,"19":0,"20":0,"21":0,"22":0,"23":0,"24":0,"25":0,"26":6,"27":6,"28":6,"29":6,"30":4,"31":4,"32":0,"33":2,"34":1,"35":1,"36":0,"37":1,"38":0,"39":1,"40":0,"41":6,"42":1,"43":6,"44":0,"45":0,"46":0,"47":0,"48":0,"49":0,"50":0,"51":6,"52":6,"53":6,"54":3,"55":5,"56":5,"57":1,"58":4,"59":4,"60":4,"61":4,"62":1,"63":3,"64":9,"65":9,"66":1,"67":8,"68":2,"69":6,"70":2,"71":4,"72":4,"73":4,"74":4,"75":1,"76":3,"77":2,"78":1,"79":1,"80":7,"81":1,"82":1},"f":{"0":24,"1":7,"2":6,"3":3,"4":5,"5":9,"6":7},"b":{"0":[7,0],"1":[1,6],"2":[1,5],"3":[1,4],"4":[2,2],"5":[0,0],"6":[0,0],"7":[0,0],"8":[0,0],"9":[0,0],"10":[5],"11":[5],"12":[4,2],"13":[0,4],"14":[1,1],"15":[0,1],"16":[0,1],"17":[0,1],"18":[1,5],"19":[0,6],"20":[6,6],"21":[0,0],"22":[0,0],"23":[0,0],"24":[0,0],"25":[1,4],"26":[4,2],"27":[4,1],"28":[1,3],"29":[4,3,2],"30":[1,8],"31":[2,6],"32":[2,4],"33":[4,4],"34":[4,0],"35":[1,3],"36":[4,1,1],"37":[2,1],"38":[7,1],"39":[1,0],"40":[1,1]}}
,"/Users/nhinlechi/Documents/Repos/training/system-design-practice/projects/clinic_appointment_system/src/src/appointments/dto/appointment-response.dto.ts": {"path":"/Users/nhinlechi/Documents/Repos/training/system-design-practice/projects/clinic_appointment_system/src/src/appointments/dto/appointment-response.dto.ts","statementMap":{"0":{"start":{"line":3,"column":0},"end":{"line":3,"column":13}},"1":{"start":{"line":9,"column":0},"end":{"line":9,"column":13}},"2":{"start":{"line":15,"column":0},"end":{"line":15,"column":13}},"3":{"start":{"line":20,"column":0},"end":{"line":20,"column":13}},"4":{"start":{"line":25,"column":0},"end":{"line":25,"column":13}},"5":{"start":{"line":37,"column":0},"end":{"line":37,"column":13}},"6":{"start":{"line":48,"column":0},"end":{"line":48,"column":13}},"7":{"start":{"line":53,"column":0},"end":{"line":53,"column":13}}},"fnMap":{},"branchMap":{},"s":{"0":0,"1":0,"2":0,"3":0,"4":0,"5":0,"6":0,"7":0},"f":{},"b":{}}
,"/Users/nhinlechi/Documents/Repos/training/system-design-practice/projects/clinic_appointment_system/src/src/appointments/dto/create-appointment.dto.ts": {"path":"/Users/nhinlechi/Documents/Repos/training/system-design-practice/projects/clinic_appointment_system/src/src/appointments/dto/create-appointment.dto.ts","statementMap":{"0":{"start":{"line":1,"column":0},"end":{"line":1,"column":63}},"1":{"start":{"line":3,"column":0},"end":{"line":3,"column":13}},"2":{"start":{"line":5,"column":2},"end":{"line":5,"column":null}},"3":{"start":{"line":8,"column":2},"end":{"line":8,"column":null}},"4":{"start":{"line":12,"column":2},"end":{"line":12,"column":null}}},"fnMap":{},"branchMap":{},"s":{"0":0,"1":0,"2":0,"3":0,"4":0},"f":{},"b":{}}
,"/Users/nhinlechi/Documents/Repos/training/system-design-practice/projects/clinic_appointment_system/src/src/appointments/dto/index.ts": {"path":"/Users/nhinlechi/Documents/Repos/training/system-design-practice/projects/clinic_appointment_system/src/src/appointments/dto/index.ts","statementMap":{"0":{"start":{"line":1,"column":0},"end":{"line":1,"column":41}},"1":{"start":{"line":2,"column":0},"end":{"line":2,"column":46}},"2":{"start":{"line":3,"column":0},"end":{"line":3,"column":43}}},"fnMap":{},"branchMap":{},"s":{"0":0,"1":0,"2":0},"f":{},"b":{}}
,"/Users/nhinlechi/Documents/Repos/training/system-design-practice/projects/clinic_appointment_system/src/src/appointments/dto/list-appointments-query.dto.ts": {"path":"/Users/nhinlechi/Documents/Repos/training/system-design-practice/projects/clinic_appointment_system/src/src/appointments/dto/list-appointments-query.dto.ts","statementMap":{"0":{"start":{"line":1,"column":0},"end":{"line":1,"column":null}},"1":{"start":{"line":10,"column":0},"end":{"line":10,"column":41}},"2":{"start":{"line":11,"column":0},"end":{"line":11,"column":51}},"3":{"start":{"line":18,"column":18},"end":{"line":18,"column":19}},"4":{"start":{"line":25,"column":19},"end":{"line":25,"column":21}},"5":{"start":{"line":13,"column":0},"end":{"line":13,"column":13}},"6":{"start":{"line":18,"column":2},"end":{"line":18,"column":null}},"7":{"start":{"line":14,"column":14},"end":{"line":14,"column":20}},"8":{"start":{"line":25,"column":2},"end":{"line":25,"column":null}},"9":{"start":{"line":20,"column":14},"end":{"line":20,"column":20}},"10":{"start":{"line":29,"column":2},"end":{"line":29,"column":null}},"11":{"start":{"line":33,"column":2},"end":{"line":33,"column":null}},"12":{"start":{"line":37,"column":2},"end":{"line":37,"column":null}},"13":{"start":{"line":41,"column":2},"end":{"line":41,"column":null}},"14":{"start":{"line":45,"column":2},"end":{"line":45,"column":null}}},"fnMap":{"0":{"name":"(anonymous_2)","decl":{"start":{"line":14,"column":8},"end":{"line":14,"column":11}},"loc":{"start":{"line":14,"column":14},"end":{"line":14,"column":20}}},"1":{"name":"(anonymous_3)","decl":{"start":{"line":20,"column":8},"end":{"line":20,"column":11}},"loc":{"start":{"line":20,"column":14},"end":{"line":20,"column":20}}}},"branchMap":{"0":{"loc":{"start":{"line":29,"column":11},"end":{"line":29,"column":29}},"type":"cond-expr","locations":[{"start":{"line":29,"column":28},"end":{"line":29,"column":29}},{"start":{"line":29,"column":28},"end":{"line":29,"column":29}}]},"1":{"loc":{"start":{"line":29,"column":11},"end":{"line":29,"column":28}},"type":"binary-expr","locations":[{"start":{"line":29,"column":11},"end":{"line":29,"column":29}},{"start":{"line":29,"column":11},"end":{"line":29,"column":28}}]}},"s":{"0":0,"1":0,"2":0,"3":0,"4":0,"5":0,"6":0,"7":0,"8":0,"9":0,"10":0,"11":0,"12":0,"13":0,"14":0},"f":{"0":0,"1":0},"b":{"0":[0,0],"1":[0,0]}}
,"/Users/nhinlechi/Documents/Repos/training/system-design-practice/projects/clinic_appointment_system/src/src/doctors/doctors.controller.ts": {"path":"/Users/nhinlechi/Documents/Repos/training/system-design-practice/projects/clinic_appointment_system/src/src/doctors/doctors.controller.ts","statementMap":{"0":{"start":{"line":1,"column":0},"end":{"line":1,"column":null}},"1":{"start":{"line":10,"column":0},"end":{"line":10,"column":51}},"2":{"start":{"line":11,"column":0},"end":{"line":11,"column":67}},"3":{"start":{"line":12,"column":0},"end":{"line":12,"column":75}},"4":{"start":{"line":13,"column":0},"end":{"line":13,"column":62}},"5":{"start":{"line":16,"column":7},"end":{"line":65,"column":null}},"6":{"start":{"line":17,"column":31},"end":{"line":17,"column":47}},"7":{"start":{"line":25,"column":4},"end":{"line":25,"column":50}},"8":{"start":{"line":34,"column":4},"end":{"line":34,"column":49}},"9":{"start":{"line":46,"column":4},"end":{"line":46,"column":64}},"10":{"start":{"line":61,"column":26},"end":{"line":61,"column":34}},"11":{"start":{"line":63,"column":4},"end":{"line":63,"column":76}},"12":{"start":{"line":16,"column":13},"end":{"line":16,"column":30}},"13":{"start":{"line":24,"column":8},"end":{"line":26,"column":null}},"14":{"start":{"line":33,"column":8},"end":{"line":35,"column":null}},"15":{"start":{"line":42,"column":8},"end":{"line":47,"column":null}},"16":{"start":{"line":56,"column":8},"end":{"line":64,"column":null}},"17":{"start":{"line":16,"column":13},"end":{"line":65,"column":null}}},"fnMap":{"0":{"name":"(anonymous_4)","decl":{"start":{"line":17,"column":2},"end":{"line":17,"column":31}},"loc":{"start":{"line":17,"column":61},"end":{"line":17,"column":65}}},"1":{"name":"(anonymous_5)","decl":{"start":{"line":24,"column":8},"end":{"line":24,"column":19}},"loc":{"start":{"line":24,"column":69},"end":{"line":26,"column":3}}},"2":{"name":"(anonymous_6)","decl":{"start":{"line":33,"column":8},"end":{"line":33,"column":21}},"loc":{"start":{"line":33,"column":45},"end":{"line":35,"column":3}}},"3":{"name":"(anonymous_7)","decl":{"start":{"line":42,"column":8},"end":{"line":42,"column":23}},"loc":{"start":{"line":44,"column":57},"end":{"line":47,"column":3}}},"4":{"name":"(anonymous_8)","decl":{"start":{"line":56,"column":8},"end":{"line":56,"column":22}},"loc":{"start":{"line":58,"column":48},"end":{"line":64,"column":3}}}},"branchMap":{"0":{"loc":{"start":{"line":24,"column":50},"end":{"line":24,"column":null}},"type":"cond-expr","locations":[{"start":{"line":24,"column":69},"end":{"line":24,"column":null}},{"start":{"line":24,"column":69},"end":{"line":24,"column":null}}]},"1":{"loc":{"start":{"line":24,"column":50},"end":{"line":24,"column":69}},"type":"binary-expr","locations":[{"start":{"line":24,"column":50},"end":{"line":24,"column":null}},{"start":{"line":24,"column":50},"end":{"line":24,"column":69}}]},"2":{"loc":{"start":{"line":44,"column":34},"end":{"line":44,"column":null}},"type":"cond-expr","locations":[{"start":{"line":44,"column":57},"end":{"line":44,"column":null}},{"start":{"line":44,"column":57},"end":{"line":44,"column":null}}]},"3":{"loc":{"start":{"line":44,"column":34},"end":{"line":44,"column":57}},"type":"binary-expr","locations":[{"start":{"line":44,"column":34},"end":{"line":44,"column":null}},{"start":{"line":44,"column":34},"end":{"line":44,"column":57}}]},"4":{"loc":{"start":{"line":58,"column":31},"end":{"line":58,"column":null}},"type":"cond-expr","locations":[{"start":{"line":58,"column":48},"end":{"line":58,"column":null}},{"start":{"line":58,"column":48},"end":{"line":58,"column":null}}]},"5":{"loc":{"start":{"line":58,"column":31},"end":{"line":58,"column":48}},"type":"binary-expr","locations":[{"start":{"line":58,"column":31},"end":{"line":58,"column":null}},{"start":{"line":58,"column":31},"end":{"line":58,"column":48}}]},"6":{"loc":{"start":{"line":17,"column":47},"end":{"line":17,"column":64}},"type":"cond-expr","locations":[{"start":{"line":17,"column":61},"end":{"line":17,"column":64}},{"start":{"line":17,"column":61},"end":{"line":17,"column":64}}]},"7":{"loc":{"start":{"line":17,"column":47},"end":{"line":17,"column":61}},"type":"binary-expr","locations":[{"start":{"line":17,"column":47},"end":{"line":17,"column":64}},{"start":{"line":17,"column":47},"end":{"line":17,"column":61}}]}},"s":{"0":0,"1":0,"2":0,"3":0,"4":0,"5":0,"6":0,"7":0,"8":0,"9":0,"10":0,"11":0,"12":0,"13":0,"14":0,"15":0,"16":0,"17":0},"f":{"0":0,"1":0,"2":0,"3":0,"4":0},"b":{"0":[0,0],"1":[0,0],"2":[0,0],"3":[0,0],"4":[0,0],"5":[0,0],"6":[0,0],"7":[0,0]}}
,"/Users/nhinlechi/Documents/Repos/training/system-design-practice/projects/clinic_appointment_system/src/src/doctors/doctors.module.ts": {"path":"/Users/nhinlechi/Documents/Repos/training/system-design-practice/projects/clinic_appointment_system/src/src/doctors/doctors.module.ts","statementMap":{"0":{"start":{"line":1,"column":0},"end":{"line":1,"column":40}},"1":{"start":{"line":2,"column":0},"end":{"line":2,"column":57}},"2":{"start":{"line":3,"column":0},"end":{"line":3,"column":51}},"3":{"start":{"line":4,"column":0},"end":{"line":4,"column":55}},"4":{"start":{"line":12,"column":7},"end":{"line":12,"column":null}},"5":{"start":{"line":12,"column":13},"end":{"line":12,"column":26}},"6":{"start":{"line":12,"column":13},"end":{"line":12,"column":null}}},"fnMap":{},"branchMap":{},"s":{"0":0,"1":0,"2":0,"3":0,"4":0,"5":0,"6":0},"f":{},"b":{}}
,"/Users/nhinlechi/Documents/Repos/training/system-design-practice/projects/clinic_appointment_system/src/src/doctors/doctors.service.ts": {"path":"/Users/nhinlechi/Documents/Repos/training/system-design-practice/projects/clinic_appointment_system/src/src/doctors/doctors.service.ts","statementMap":{"0":{"start":{"line":1,"column":0},"end":{"line":1,"column":null}},"1":{"start":{"line":8,"column":0},"end":{"line":8,"column":57}},"2":{"start":{"line":12,"column":0},"end":{"line":12,"column":69}},"3":{"start":{"line":15,"column":7},"end":{"line":405,"column":null}},"4":{"start":{"line":16,"column":22},"end":{"line":16,"column":30}},"5":{"start":{"line":22,"column":56},"end":{"line":22,"column":61}},"6":{"start":{"line":23,"column":17},"end":{"line":23,"column":35}},"7":{"start":{"line":26,"column":41},"end":{"line":28,"column":6}},"8":{"start":{"line":30,"column":4},"end":{"line":50,"column":5}},"9":{"start":{"line":31,"column":6},"end":{"line":31,"column":31}},"10":{"start":{"line":33,"column":6},"end":{"line":38,"column":7}},"11":{"start":{"line":34,"column":8},"end":{"line":37,"column":10}},"12":{"start":{"line":40,"column":6},"end":{"line":49,"column":7}},"13":{"start":{"line":41,"column":8},"end":{"line":48,"column":10}},"14":{"start":{"line":53,"column":18},"end":{"line":53,"column":57}},"15":{"start":{"line":56,"column":20},"end":{"line":66,"column":6}},"16":{"start":{"line":69,"column":17},"end":{"line":80,"column":7}},"17":{"start":{"line":69,"column":42},"end":{"line":80,"column":6}},"18":{"start":{"line":82,"column":4},"end":{"line":91,"column":6}},"19":{"start":{"line":98,"column":19},"end":{"line":103,"column":6}},"20":{"start":{"line":105,"column":4},"end":{"line":107,"column":5}},"21":{"start":{"line":106,"column":6},"end":{"line":106,"column":54}},"22":{"start":{"line":109,"column":4},"end":{"line":128,"column":6}},"23":{"start":{"line":135,"column":37},"end":{"line":135,"column":42}},"24":{"start":{"line":138,"column":19},"end":{"line":141,"column":6}},"25":{"start":{"line":143,"column":4},"end":{"line":145,"column":5}},"26":{"start":{"line":144,"column":6},"end":{"line":144,"column":54}},"27":{"start":{"line":148,"column":22},"end":{"line":148,"column":42}},"28":{"start":{"line":149,"column":20},"end":{"line":149,"column":38}},"29":{"start":{"line":151,"column":4},"end":{"line":153,"column":5}},"30":{"start":{"line":152,"column":6},"end":{"line":152,"column":73}},"31":{"start":{"line":157,"column":6},"end":{"line":157,"column":71}},"32":{"start":{"line":158,"column":4},"end":{"line":160,"column":5}},"33":{"start":{"line":159,"column":6},"end":{"line":159,"column":72}},"34":{"start":{"line":163,"column":18},"end":{"line":184,"column":6}},"35":{"start":{"line":187,"column":27},"end":{"line":192,"column":7}},"36":{"start":{"line":187,"column":48},"end":{"line":192,"column":6}},"37":{"start":{"line":194,"column":23},"end":{"line":194,"column":35}},"38":{"start":{"line":195,"column":24},"end":{"line":195,"column":77}},"39":{"start":{"line":195,"column":44},"end":{"line":195,"column":69}},"40":{"start":{"line":196,"column":32},"end":{"line":196,"column":56}},"41":{"start":{"line":198,"column":4},"end":{"line":214,"column":6}},"42":{"start":{"line":226,"column":19},"end":{"line":228,"column":6}},"43":{"start":{"line":230,"column":4},"end":{"line":232,"column":5}},"44":{"start":{"line":231,"column":6},"end":{"line":231,"column":54}},"45":{"start":{"line":236,"column":4},"end":{"line":238,"column":5}},"46":{"start":{"line":237,"column":6},"end":{"line":237,"column":76}},"47":{"start":{"line":241,"column":4},"end":{"line":258,"column":5}},"48":{"start":{"line":242,"column":20},"end":{"line":242,"column":44}},"49":{"start":{"line":243,"column":18},"end":{"line":243,"column":40}},"50":{"start":{"line":245,"column":6},"end":{"line":249,"column":7}},"51":{"start":{"line":246,"column":8},"end":{"line":248,"column":10}},"52":{"start":{"line":252,"column":30},"end":{"line":252,"column":77}},"53":{"start":{"line":253,"column":6},"end":{"line":257,"column":7}},"54":{"start":{"line":254,"column":8},"end":{"line":256,"column":10}},"55":{"start":{"line":261,"column":4},"end":{"line":274,"column":5}},"56":{"start":{"line":261,"column":17},"end":{"line":261,"column":18}},"57":{"start":{"line":262,"column":6},"end":{"line":273,"column":7}},"58":{"start":{"line":262,"column":19},"end":{"line":262,"column":24}},"59":{"start":{"line":263,"column":27},"end":{"line":263,"column":63}},"60":{"start":{"line":264,"column":25},"end":{"line":264,"column":59}},"61":{"start":{"line":265,"column":27},"end":{"line":265,"column":63}},"62":{"start":{"line":266,"column":25},"end":{"line":266,"column":59}},"63":{"start":{"line":268,"column":8},"end":{"line":272,"column":9}},"64":{"start":{"line":269,"column":10},"end":{"line":271,"column":12}},"65":{"start":{"line":277,"column":26},"end":{"line":289,"column":6}},"66":{"start":{"line":292,"column":25},"end":{"line":295,"column":7}},"67":{"start":{"line":292,"column":51},"end":{"line":295,"column":6}},"68":{"start":{"line":297,"column":4},"end":{"line":310,"column":5}},"69":{"start":{"line":298,"column":35},"end":{"line":298,"column":71}},"70":{"start":{"line":299,"column":30},"end":{"line":302,"column":null}},"71":{"start":{"line":301,"column":10},"end":{"line":302,"column":60}},"72":{"start":{"line":305,"column":6},"end":{"line":309,"column":7}},"73":{"start":{"line":306,"column":8},"end":{"line":308,"column":10}},"74":{"start":{"line":313,"column":46},"end":{"line":313,"column":48}},"75":{"start":{"line":314,"column":48},"end":{"line":314,"column":50}},"76":{"start":{"line":315,"column":48},"end":{"line":315,"column":50}},"77":{"start":{"line":318,"column":4},"end":{"line":335,"column":5}},"78":{"start":{"line":319,"column":23},"end":{"line":319,"column":64}},"79":{"start":{"line":320,"column":21},"end":{"line":320,"column":60}},"80":{"start":{"line":322,"column":31},"end":{"line":325,"column":null}},"81":{"start":{"line":324,"column":10},"end":{"line":325,"column":51}},"82":{"start":{"line":328,"column":6},"end":{"line":334,"column":7}},"83":{"start":{"line":330,"column":8},"end":{"line":330,"column":43}},"84":{"start":{"line":333,"column":8},"end":{"line":333,"column":36}},"85":{"start":{"line":338,"column":4},"end":{"line":349,"column":5}},"86":{"start":{"line":339,"column":35},"end":{"line":339,"column":71}},"87":{"start":{"line":340,"column":30},"end":{"line":343,"column":null}},"88":{"start":{"line":342,"column":10},"end":{"line":343,"column":60}},"89":{"start":{"line":346,"column":6},"end":{"line":348,"column":7}},"90":{"start":{"line":347,"column":8},"end":{"line":347,"column":41}},"91":{"start":{"line":352,"column":25},"end":{"line":361,"column":null}},"92":{"start":{"line":354,"column":8},"end":{"line":360,"column":10}},"93":{"start":{"line":365,"column":4},"end":{"line":376,"column":5}},"94":{"start":{"line":366,"column":6},"end":{"line":375,"column":9}},"95":{"start":{"line":369,"column":41},"end":{"line":369,"column":45}},"96":{"start":{"line":379,"column":21},"end":{"line":392,"column":67}},"97":{"start":{"line":380,"column":36},"end":{"line":385,"column":8}},"98":{"start":{"line":386,"column":37},"end":{"line":391,"column":8}},"99":{"start":{"line":392,"column":21},"end":{"line":392,"column":66}},"100":{"start":{"line":394,"column":4},"end":{"line":403,"column":6}},"101":{"start":{"line":15,"column":13},"end":{"line":15,"column":27}},"102":{"start":{"line":15,"column":13},"end":{"line":405,"column":null}}},"fnMap":{"0":{"name":"(anonymous_2)","decl":{"start":{"line":16,"column":2},"end":{"line":16,"column":22}},"loc":{"start":{"line":16,"column":43},"end":{"line":16,"column":47}}},"1":{"name":"(anonymous_3)","decl":{"start":{"line":21,"column":2},"end":{"line":21,"column":7}},"loc":{"start":{"line":21,"column":46},"end":{"line":92,"column":3}}},"2":{"name":"(anonymous_4)","decl":{"start":{"line":69,"column":29},"end":{"line":69,"column":30}},"loc":{"start":{"line":69,"column":42},"end":{"line":80,"column":6}}},"3":{"name":"(anonymous_5)","decl":{"start":{"line":97,"column":2},"end":{"line":97,"column":7}},"loc":{"start":{"line":97,"column":32},"end":{"line":129,"column":3}}},"4":{"name":"(anonymous_6)","decl":{"start":{"line":134,"column":2},"end":{"line":134,"column":7}},"loc":{"start":{"line":134,"column":72},"end":{"line":215,"column":3}}},"5":{"name":"(anonymous_7)","decl":{"start":{"line":187,"column":37},"end":{"line":187,"column":38}},"loc":{"start":{"line":187,"column":48},"end":{"line":192,"column":6}}},"6":{"name":"(anonymous_8)","decl":{"start":{"line":195,"column":37},"end":{"line":195,"column":38}},"loc":{"start":{"line":195,"column":44},"end":{"line":195,"column":69}}},"7":{"name":"(anonymous_9)","decl":{"start":{"line":220,"column":2},"end":{"line":220,"column":7}},"loc":{"start":{"line":223,"column":26},"end":{"line":404,"column":3}}},"8":{"name":"(anonymous_10)","decl":{"start":{"line":292,"column":43},"end":{"line":292,"column":44}},"loc":{"start":{"line":292,"column":51},"end":{"line":295,"column":6}}},"9":{"name":"(anonymous_11)","decl":{"start":{"line":300,"column":8},"end":{"line":300,"column":9}},"loc":{"start":{"line":301,"column":10},"end":{"line":302,"column":60}}},"10":{"name":"(anonymous_12)","decl":{"start":{"line":323,"column":8},"end":{"line":323,"column":9}},"loc":{"start":{"line":324,"column":10},"end":{"line":325,"column":51}}},"11":{"name":"(anonymous_13)","decl":{"start":{"line":341,"column":8},"end":{"line":341,"column":9}},"loc":{"start":{"line":342,"column":10},"end":{"line":343,"column":60}}},"12":{"name":"(anonymous_14)","decl":{"start":{"line":353,"column":24},"end":{"line":353,"column":25}},"loc":{"start":{"line":354,"column":8},"end":{"line":360,"column":10}}},"13":{"name":"(anonymous_15)","decl":{"start":{"line":369,"column":34},"end":{"line":369,"column":35}},"loc":{"start":{"line":369,"column":41},"end":{"line":369,"column":45}}},"14":{"name":"(anonymous_16)","decl":{"start":{"line":380,"column":25},"end":{"line":380,"column":26}},"loc":{"start":{"line":380,"column":36},"end":{"line":385,"column":8}}},"15":{"name":"(anonymous_17)","decl":{"start":{"line":386,"column":26},"end":{"line":386,"column":27}},"loc":{"start":{"line":386,"column":37},"end":{"line":391,"column":8}}},"16":{"name":"(anonymous_18)","decl":{"start":{"line":392,"column":11},"end":{"line":392,"column":12}},"loc":{"start":{"line":392,"column":21},"end":{"line":392,"column":66}}}},"branchMap":{"0":{"loc":{"start":{"line":22,"column":12},"end":{"line":22,"column":20}},"type":"default-arg","locations":[{"start":{"line":22,"column":19},"end":{"line":22,"column":20}}]},"1":{"loc":{"start":{"line":22,"column":22},"end":{"line":22,"column":32}},"type":"default-arg","locations":[{"start":{"line":22,"column":30},"end":{"line":22,"column":32}}]},"2":{"loc":{"start":{"line":30,"column":4},"end":{"line":50,"column":5}},"type":"if","locations":[{"start":{"line":30,"column":4},"end":{"line":50,"column":5}},{"start":{},"end":{}}]},"3":{"loc":{"start":{"line":30,"column":8},"end":{"line":30,"column":27}},"type":"binary-expr","locations":[{"start":{"line":30,"column":8},"end":{"line":30,"column":17}},{"start":{"line":30,"column":21},"end":{"line":30,"column":27}}]},"4":{"loc":{"start":{"line":33,"column":6},"end":{"line":38,"column":7}},"type":"if","locations":[{"start":{"line":33,"column":6},"end":{"line":38,"column":7}},{"start":{},"end":{}}]},"5":{"loc":{"start":{"line":40,"column":6},"end":{"line":49,"column":7}},"type":"if","locations":[{"start":{"line":40,"column":6},"end":{"line":49,"column":7}},{"start":{},"end":{}}]},"6":{"loc":{"start":{"line":74,"column":15},"end":{"line":79,"column":14}},"type":"cond-expr","locations":[{"start":{"line":75,"column":10},"end":{"line":78,"column":null}},{"start":{"line":79,"column":10},"end":{"line":79,"column":14}}]},"7":{"loc":{"start":{"line":105,"column":4},"end":{"line":107,"column":5}},"type":"if","locations":[{"start":{"line":105,"column":4},"end":{"line":107,"column":5}},{"start":{},"end":{}}]},"8":{"loc":{"start":{"line":105,"column":8},"end":{"line":105,"column":50}},"type":"binary-expr","locations":[{"start":{"line":105,"column":8},"end":{"line":105,"column":15}},{"start":{"line":105,"column":19},"end":{"line":105,"column":50}}]},"9":{"loc":{"start":{"line":117,"column":17},"end":{"line":124,"column":16}},"type":"cond-expr","locations":[{"start":{"line":118,"column":12},"end":{"line":123,"column":null}},{"start":{"line":124,"column":12},"end":{"line":124,"column":16}}]},"10":{"loc":{"start":{"line":143,"column":4},"end":{"line":145,"column":5}},"type":"if","locations":[{"start":{"line":143,"column":4},"end":{"line":145,"column":5}},{"start":{},"end":{}}]},"11":{"loc":{"start":{"line":143,"column":8},"end":{"line":143,"column":50}},"type":"binary-expr","locations":[{"start":{"line":143,"column":8},"end":{"line":143,"column":15}},{"start":{"line":143,"column":19},"end":{"line":143,"column":50}}]},"12":{"loc":{"start":{"line":151,"column":4},"end":{"line":153,"column":5}},"type":"if","locations":[{"start":{"line":151,"column":4},"end":{"line":153,"column":5}},{"start":{},"end":{}}]},"13":{"loc":{"start":{"line":158,"column":4},"end":{"line":160,"column":5}},"type":"if","locations":[{"start":{"line":158,"column":4},"end":{"line":160,"column":5}},{"start":{},"end":{}}]},"14":{"loc":{"start":{"line":230,"column":4},"end":{"line":232,"column":5}},"type":"if","locations":[{"start":{"line":230,"column":4},"end":{"line":232,"column":5}},{"start":{},"end":{}}]},"15":{"loc":{"start":{"line":230,"column":8},"end":{"line":230,"column":50}},"type":"binary-expr","locations":[{"start":{"line":230,"column":8},"end":{"line":230,"column":15}},{"start":{"line":230,"column":19},"end":{"line":230,"column":50}}]},"16":{"loc":{"start":{"line":236,"column":4},"end":{"line":238,"column":5}},"type":"if","locations":[{"start":{"line":236,"column":4},"end":{"line":238,"column":5}},{"start":{},"end":{}}]},"17":{"loc":{"start":{"line":245,"column":6},"end":{"line":249,"column":7}},"type":"if","locations":[{"start":{"line":245,"column":6},"end":{"line":249,"column":7}},{"start":{},"end":{}}]},"18":{"loc":{"start":{"line":253,"column":6},"end":{"line":257,"column":7}},"type":"if","locations":[{"start":{"line":253,"column":6},"end":{"line":257,"column":7}},{"start":{},"end":{}}]},"19":{"loc":{"start":{"line":268,"column":8},"end":{"line":272,"column":9}},"type":"if","locations":[{"start":{"line":268,"column":8},"end":{"line":272,"column":9}},{"start":{},"end":{}}]},"20":{"loc":{"start":{"line":268,"column":12},"end":{"line":268,"column":58}},"type":"binary-expr","locations":[{"start":{"line":268,"column":12},"end":{"line":268,"column":33}},{"start":{"line":268,"column":37},"end":{"line":268,"column":58}}]},"21":{"loc":{"start":{"line":301,"column":10},"end":{"line":302,"column":60}},"type":"binary-expr","locations":[{"start":{"line":301,"column":10},"end":{"line":301,"column":64}},{"start":{"line":302,"column":10},"end":{"line":302,"column":60}}]},"22":{"loc":{"start":{"line":305,"column":6},"end":{"line":309,"column":7}},"type":"if","locations":[{"start":{"line":305,"column":6},"end":{"line":309,"column":7}},{"start":{},"end":{}}]},"23":{"loc":{"start":{"line":305,"column":10},"end":{"line":305,"column":50}},"type":"binary-expr","locations":[{"start":{"line":305,"column":10},"end":{"line":305,"column":30}},{"start":{"line":305,"column":34},"end":{"line":305,"column":50}}]},"24":{"loc":{"start":{"line":324,"column":10},"end":{"line":325,"column":51}},"type":"binary-expr","locations":[{"start":{"line":324,"column":10},"end":{"line":324,"column":55}},{"start":{"line":325,"column":10},"end":{"line":325,"column":51}}]},"25":{"loc":{"start":{"line":328,"column":6},"end":{"line":334,"column":7}},"type":"if","locations":[{"start":{"line":328,"column":6},"end":{"line":334,"column":7}},{"start":{"line":331,"column":13},"end":{"line":334,"column":7}}]},"26":{"loc":{"start":{"line":342,"column":10},"end":{"line":343,"column":60}},"type":"binary-expr","locations":[{"start":{"line":342,"column":10},"end":{"line":342,"column":64}},{"start":{"line":343,"column":10},"end":{"line":343,"column":60}}]},"27":{"loc":{"start":{"line":346,"column":6},"end":{"line":348,"column":7}},"type":"if","locations":[{"start":{"line":346,"column":6},"end":{"line":348,"column":7}},{"start":{},"end":{}}]},"28":{"loc":{"start":{"line":346,"column":10},"end":{"line":346,"column":51}},"type":"binary-expr","locations":[{"start":{"line":346,"column":10},"end":{"line":346,"column":26}},{"start":{"line":346,"column":30},"end":{"line":346,"column":51}}]},"29":{"loc":{"start":{"line":365,"column":4},"end":{"line":376,"column":5}},"type":"if","locations":[{"start":{"line":365,"column":4},"end":{"line":376,"column":5}},{"start":{},"end":{}}]},"30":{"loc":{"start":{"line":16,"column":30},"end":{"line":16,"column":46}},"type":"cond-expr","locations":[{"start":{"line":16,"column":43},"end":{"line":16,"column":46}},{"start":{"line":16,"column":43},"end":{"line":16,"column":46}}]},"31":{"loc":{"start":{"line":16,"column":30},"end":{"line":16,"column":43}},"type":"binary-expr","locations":[{"start":{"line":16,"column":30},"end":{"line":16,"column":46}},{"start":{"line":16,"column":30},"end":{"line":16,"column":43}}]}},"s":{"0":0,"1":0,"2":0,"3":0,"4":0,"5":0,"6":0,"7":0,"8":0,"9":0,"10":0,"11":0,"12":0,"13":0,"14":0,"15":0,"16":0,"17":0,"18":0,"19":0,"20":0,"21":0,"22":0,"23":0,"24":0,"25":0,"26":0,"27":0,"28":0,"29":0,"30":0,"31":0,"32":0,"33":0,"34":0,"35":0,"36":0,"37":0,"38":0,"39":0,"40":0,"41":0,"42":0,"43":0,"44":0,"45":0,"46":0,"47":0,"48":0,"49":0,"50":0,"51":0,"52":0,"53":0,"54":0,"55":0,"56":0,"57":0,"58":0,"59":0,"60":0,"61":0,"62":0,"63":0,"64":0,"65":0,"66":0,"67":0,"68":0,"69":0,"70":0,"71":0,"72":0,"73":0,"74":0,"75":0,"76":0,"77":0,"78":0,"79":0,"80":0,"81":0,"82":0,"83":0,"84":0,"85":0,"86":0,"87":0,"88":0,"89":0,"90":0,"91":0,"92":0,"93":0,"94":0,"95":0,"96":0,"97":0,"98":0,"99":0,"100":0,"101":0,"102":0},"f":{"0":0,"1":0,"2":0,"3":0,"4":0,"5":0,"6":0,"7":0,"8":0,"9":0,"10":0,"11":0,"12":0,"13":0,"14":0,"15":0,"16":0},"b":{"0":[0],"1":[0],"2":[0,0],"3":[0,0],"4":[0,0],"5":[0,0],"6":[0,0],"7":[0,0],"8":[0,0],"9":[0,0],"10":[0,0],"11":[0,0],"12":[0,0],"13":[0,0],"14":[0,0],"15":[0,0],"16":[0,0],"17":[0,0],"18":[0,0],"19":[0,0],"20":[0,0],"21":[0,0],"22":[0,0],"23":[0,0],"24":[0,0],"25":[0,0],"26":[0,0],"27":[0,0],"28":[0,0],"29":[0,0],"30":[0,0],"31":[0,0]}}
,"/Users/nhinlechi/Documents/Repos/training/system-design-practice/projects/clinic_appointment_system/src/src/doctors/dto/availability-response.dto.ts": {"path":"/Users/nhinlechi/Documents/Repos/training/system-design-practice/projects/clinic_appointment_system/src/src/doctors/dto/availability-response.dto.ts","statementMap":{"0":{"start":{"line":1,"column":0},"end":{"line":1,"column":13}},"1":{"start":{"line":8,"column":0},"end":{"line":8,"column":13}},"2":{"start":{"line":14,"column":0},"end":{"line":14,"column":13}},"3":{"start":{"line":28,"column":0},"end":{"line":28,"column":13}}},"fnMap":{},"branchMap":{},"s":{"0":0,"1":0,"2":0,"3":0},"f":{},"b":{}}
,"/Users/nhinlechi/Documents/Repos/training/system-design-practice/projects/clinic_appointment_system/src/src/doctors/dto/doctor-response.dto.ts": {"path":"/Users/nhinlechi/Documents/Repos/training/system-design-practice/projects/clinic_appointment_system/src/src/doctors/dto/doctor-response.dto.ts","statementMap":{"0":{"start":{"line":1,"column":0},"end":{"line":1,"column":13}},"1":{"start":{"line":6,"column":0},"end":{"line":6,"column":13}},"2":{"start":{"line":16,"column":0},"end":{"line":16,"column":13}},"3":{"start":{"line":23,"column":0},"end":{"line":23,"column":13}},"4":{"start":{"line":29,"column":0},"end":{"line":29,"column":13}}},"fnMap":{},"branchMap":{},"s":{"0":0,"1":0,"2":0,"3":0,"4":0},"f":{},"b":{}}
,"/Users/nhinlechi/Documents/Repos/training/system-design-practice/projects/clinic_appointment_system/src/src/doctors/dto/get-availability-query.dto.ts": {"path":"/Users/nhinlechi/Documents/Repos/training/system-design-practice/projects/clinic_appointment_system/src/src/doctors/dto/get-availability-query.dto.ts","statementMap":{"0":{"start":{"line":1,"column":0},"end":{"line":1,"column":59}},"1":{"start":{"line":3,"column":0},"end":{"line":3,"column":13}},"2":{"start":{"line":6,"column":2},"end":{"line":6,"column":null}},"3":{"start":{"line":10,"column":2},"end":{"line":10,"column":null}}},"fnMap":{},"branchMap":{},"s":{"0":0,"1":0,"2":0,"3":0},"f":{},"b":{}}
,"/Users/nhinlechi/Documents/Repos/training/system-design-practice/projects/clinic_appointment_system/src/src/doctors/dto/index.ts": {"path":"/Users/nhinlechi/Documents/Repos/training/system-design-practice/projects/clinic_appointment_system/src/src/doctors/dto/index.ts","statementMap":{"0":{"start":{"line":1,"column":0},"end":{"line":1,"column":41}},"1":{"start":{"line":2,"column":0},"end":{"line":2,"column":45}},"2":{"start":{"line":3,"column":0},"end":{"line":3,"column":38}},"3":{"start":{"line":4,"column":0},"end":{"line":4,"column":38}},"4":{"start":{"line":5,"column":0},"end":{"line":5,"column":44}}},"fnMap":{},"branchMap":{},"s":{"0":0,"1":0,"2":0,"3":0,"4":0},"f":{},"b":{}}
,"/Users/nhinlechi/Documents/Repos/training/system-design-practice/projects/clinic_appointment_system/src/src/doctors/dto/list-doctors-query.dto.ts": {"path":"/Users/nhinlechi/Documents/Repos/training/system-design-practice/projects/clinic_appointment_system/src/src/doctors/dto/list-doctors-query.dto.ts","statementMap":{"0":{"start":{"line":1,"column":0},"end":{"line":1,"column":72}},"1":{"start":{"line":2,"column":0},"end":{"line":2,"column":41}},"2":{"start":{"line":9,"column":18},"end":{"line":9,"column":19}},"3":{"start":{"line":16,"column":19},"end":{"line":16,"column":21}},"4":{"start":{"line":4,"column":0},"end":{"line":4,"column":13}},"5":{"start":{"line":9,"column":2},"end":{"line":9,"column":null}},"6":{"start":{"line":6,"column":14},"end":{"line":6,"column":20}},"7":{"start":{"line":16,"column":2},"end":{"line":16,"column":null}},"8":{"start":{"line":12,"column":14},"end":{"line":12,"column":20}},"9":{"start":{"line":20,"column":2},"end":{"line":20,"column":null}},"10":{"start":{"line":24,"column":2},"end":{"line":24,"column":null}}},"fnMap":{"0":{"name":"(anonymous_2)","decl":{"start":{"line":6,"column":8},"end":{"line":6,"column":11}},"loc":{"start":{"line":6,"column":14},"end":{"line":6,"column":20}}},"1":{"name":"(anonymous_3)","decl":{"start":{"line":12,"column":8},"end":{"line":12,"column":11}},"loc":{"start":{"line":12,"column":14},"end":{"line":12,"column":20}}}},"branchMap":{},"s":{"0":0,"1":0,"2":0,"3":0,"4":0,"5":0,"6":0,"7":0,"8":0,"9":0,"10":0},"f":{"0":0,"1":0},"b":{}}
,"/Users/nhinlechi/Documents/Repos/training/system-design-practice/projects/clinic_appointment_system/src/src/doctors/dto/update-schedule.dto.ts": {"path":"/Users/nhinlechi/Documents/Repos/training/system-design-practice/projects/clinic_appointment_system/src/src/doctors/dto/update-schedule.dto.ts","statementMap":{"0":{"start":{"line":1,"column":0},"end":{"line":1,"column":null}},"1":{"start":{"line":7,"column":0},"end":{"line":7,"column":41}},"2":{"start":{"line":9,"column":0},"end":{"line":9,"column":13}},"3":{"start":{"line":12,"column":2},"end":{"line":12,"column":null}},"4":{"start":{"line":16,"column":2},"end":{"line":16,"column":null}},"5":{"start":{"line":19,"column":0},"end":{"line":19,"column":13}},"6":{"start":{"line":23,"column":2},"end":{"line":23,"column":null}},"7":{"start":{"line":22,"column":14},"end":{"line":22,"column":25}}},"fnMap":{"0":{"name":"(anonymous_2)","decl":{"start":{"line":22,"column":8},"end":{"line":22,"column":11}},"loc":{"start":{"line":22,"column":14},"end":{"line":22,"column":25}}}},"branchMap":{},"s":{"0":0,"1":0,"2":0,"3":0,"4":0,"5":0,"6":0,"7":0},"f":{"0":0},"b":{}}
,"/Users/nhinlechi/Documents/Repos/training/system-design-practice/projects/clinic_appointment_system/src/src/prisma/prisma.module.ts": {"path":"/Users/nhinlechi/Documents/Repos/training/system-design-practice/projects/clinic_appointment_system/src/src/prisma/prisma.module.ts","statementMap":{"0":{"start":{"line":1,"column":0},"end":{"line":1,"column":48}},"1":{"start":{"line":2,"column":0},"end":{"line":2,"column":49}},"2":{"start":{"line":9,"column":7},"end":{"line":9,"column":null}},"3":{"start":{"line":9,"column":13},"end":{"line":9,"column":25}},"4":{"start":{"line":9,"column":13},"end":{"line":9,"column":null}}},"fnMap":{},"branchMap":{},"s":{"0":0,"1":0,"2":0,"3":0,"4":0},"f":{},"b":{}}
,"/Users/nhinlechi/Documents/Repos/training/system-design-practice/projects/clinic_appointment_system/src/src/prisma/prisma.service.ts": {"path":"/Users/nhinlechi/Documents/Repos/training/system-design-practice/projects/clinic_appointment_system/src/src/prisma/prisma.service.ts","statementMap":{"0":{"start":{"line":1,"column":0},"end":{"line":1,"column":75}},"1":{"start":{"line":2,"column":0},"end":{"line":2,"column":46}},"2":{"start":{"line":5,"column":7},"end":{"line":16,"column":null}},"3":{"start":{"line":10,"column":4},"end":{"line":10,"column":26}},"4":{"start":{"line":14,"column":4},"end":{"line":14,"column":29}},"5":{"start":{"line":5,"column":13},"end":{"line":5,"column":26}},"6":{"start":{"line":5,"column":13},"end":{"line":16,"column":null}}},"fnMap":{"0":{"name":"(anonymous_1)","decl":{"start":{"line":9,"column":2},"end":{"line":9,"column":7}},"loc":{"start":{"line":9,"column":20},"end":{"line":11,"column":3}}},"1":{"name":"(anonymous_2)","decl":{"start":{"line":13,"column":2},"end":{"line":13,"column":7}},"loc":{"start":{"line":13,"column":23},"end":{"line":15,"column":3}}}},"branchMap":{},"s":{"0":1,"1":1,"2":1,"3":0,"4":0,"5":1,"6":1},"f":{"0":0,"1":0},"b":{}}
}
