TN:
SF:src/app.controller.ts
FN:6,(anonymous_2)
FN:9,(anonymous_3)
FNF:2
FNH:2
FNDA:1,(anonymous_2)
FNDA:1,(anonymous_3)
DA:1,1
DA:2,1
DA:5,1
DA:6,1
DA:9,1
DA:10,1
LF:6
LH:6
BRDA:6,0,0,1
BRDA:6,0,1,0
BRDA:6,1,0,1
BRDA:6,1,1,1
BRF:4
BRH:3
end_of_record
TN:
SF:src/app.module.ts
FNF:0
FNH:0
DA:1,0
DA:2,0
DA:3,0
DA:4,0
DA:5,0
DA:6,0
DA:13,0
LF:7
LH:0
BRF:0
BRH:0
end_of_record
TN:
SF:src/app.service.ts
FN:5,(anonymous_1)
FNF:1
FNH:1
FNDA:1,(anonymous_1)
DA:1,1
DA:4,1
DA:6,1
LF:3
LH:3
BRF:0
BRH:0
end_of_record
TN:
SF:src/main.ts
FN:5,bootstrap
FNF:1
FNH:0
FNDA:0,bootstrap
DA:1,0
DA:2,0
DA:3,0
DA:6,0
DA:9,0
DA:21,0
DA:23,0
DA:24,0
DA:25,0
DA:28,0
LF:10
LH:0
BRDA:23,0,0,0
BRDA:23,0,1,0
BRF:2
BRH:0
end_of_record
TN:
SF:src/appointments/appointments.controller.ts
FN:19,(anonymous_4)
FN:27,(anonymous_5)
FN:48,(anonymous_6)
FN:66,(anonymous_7)
FN:83,(anonymous_8)
FNF:5
FNH:0
FNDA:0,(anonymous_4)
FNDA:0,(anonymous_5)
FNDA:0,(anonymous_6)
FNDA:0,(anonymous_7)
FNDA:0,(anonymous_8)
DA:1,0
DA:13,0
DA:14,0
DA:15,0
DA:18,0
DA:19,0
DA:27,0
DA:33,0
DA:35,0
DA:48,0
DA:51,0
DA:52,0
DA:54,0
DA:66,0
DA:68,0
DA:69,0
DA:71,0
DA:83,0
DA:85,0
DA:86,0
DA:88,0
LF:21
LH:0
BRDA:28,0,0,0
BRDA:28,0,1,0
BRDA:28,1,0,0
BRDA:28,1,1,0
BRDA:48,2,0,0
BRDA:48,2,1,0
BRDA:48,3,0,0
BRDA:48,3,1,0
BRDA:19,4,0,0
BRDA:19,4,1,0
BRDA:19,5,0,0
BRDA:19,5,1,0
BRF:12
BRH:0
end_of_record
TN:
SF:src/appointments/appointments.module.ts
FNF:0
FNH:0
DA:1,0
DA:2,0
DA:3,0
DA:4,0
DA:12,0
LF:5
LH:0
BRF:0
BRH:0
end_of_record
TN:
SF:src/appointments/appointments.service.ts
FN:14,(anonymous_2)
FN:20,(anonymous_3)
FN:151,(anonymous_4)
FN:261,(anonymous_5)
FN:274,(anonymous_6)
FN:324,(anonymous_7)
FN:398,(anonymous_8)
FNF:7
FNH:7
FNDA:24,(anonymous_2)
FNDA:7,(anonymous_3)
FNDA:6,(anonymous_4)
FNDA:3,(anonymous_5)
FNDA:5,(anonymous_6)
FNDA:9,(anonymous_7)
FNDA:7,(anonymous_8)
DA:1,1
DA:8,1
DA:10,1
DA:13,1
DA:14,24
DA:26,7
DA:27,7
DA:47,7
DA:49,1
DA:58,6
DA:74,6
DA:75,1
DA:78,5
DA:79,1
DA:83,4
DA:84,2
DA:88,2
DA:89,0
DA:95,0
DA:99,0
DA:100,0
DA:104,0
DA:108,0
DA:109,0
DA:117,0
DA:141,0
DA:164,6
DA:165,6
DA:168,6
DA:171,6
DA:173,4
DA:176,4
DA:177,0
DA:181,2
DA:183,1
DA:188,1
DA:189,0
DA:194,1
DA:195,0
DA:199,1
DA:200,0
DA:205,6
DA:206,1
DA:210,6
DA:211,0
DA:215,0
DA:216,0
DA:220,0
DA:221,0
DA:224,0
DA:225,0
DA:232,6
DA:235,6
DA:259,6
DA:261,3
DA:279,5
DA:296,5
DA:297,1
DA:302,4
DA:305,4
DA:307,4
DA:309,4
DA:310,1
DA:315,3
DA:329,9
DA:341,9
DA:342,1
DA:346,8
DA:347,2
DA:351,6
DA:352,2
DA:357,4
DA:360,4
DA:362,4
DA:364,4
DA:365,1
DA:371,3
DA:372,2
DA:376,1
DA:384,1
DA:399,7
LF:81
LH:61
BRDA:26,0,0,7
BRDA:26,0,1,0
BRDA:47,1,0,1
BRDA:47,1,1,6
BRDA:74,2,0,1
BRDA:74,2,1,5
BRDA:78,3,0,1
BRDA:78,3,1,4
BRDA:83,4,0,2
BRDA:83,4,1,2
BRDA:88,5,0,0
BRDA:88,5,1,0
BRDA:99,6,0,0
BRDA:99,6,1,0
BRDA:99,7,0,0
BRDA:99,7,1,0
BRDA:108,8,0,0
BRDA:108,8,1,0
BRDA:123,9,0,0
BRDA:123,9,1,0
BRDA:157,10,0,5
BRDA:158,11,0,5
BRDA:171,12,0,4
BRDA:171,12,1,2
BRDA:176,13,0,0
BRDA:176,13,1,4
BRDA:181,14,0,1
BRDA:181,14,1,1
BRDA:188,15,0,0
BRDA:188,15,1,1
BRDA:194,16,0,0
BRDA:194,16,1,1
BRDA:199,17,0,0
BRDA:199,17,1,1
BRDA:205,18,0,1
BRDA:205,18,1,5
BRDA:210,19,0,0
BRDA:210,19,1,6
BRDA:210,20,0,6
BRDA:210,20,1,6
BRDA:215,21,0,0
BRDA:215,21,1,0
BRDA:215,22,0,0
BRDA:215,22,1,0
BRDA:220,23,0,0
BRDA:220,23,1,0
BRDA:224,24,0,0
BRDA:224,24,1,0
BRDA:296,25,0,1
BRDA:296,25,1,4
BRDA:302,26,0,4
BRDA:302,26,1,2
BRDA:305,27,0,4
BRDA:305,27,1,1
BRDA:309,28,0,1
BRDA:309,28,1,3
BRDA:309,29,0,4
BRDA:309,29,1,3
BRDA:309,29,2,2
BRDA:341,30,0,1
BRDA:341,30,1,8
BRDA:346,31,0,2
BRDA:346,31,1,6
BRDA:351,32,0,2
BRDA:351,32,1,4
BRDA:357,33,0,4
BRDA:357,33,1,4
BRDA:360,34,0,4
BRDA:360,34,1,0
BRDA:364,35,0,1
BRDA:364,35,1,3
BRDA:364,36,0,4
BRDA:364,36,1,1
BRDA:364,36,2,1
BRDA:371,37,0,2
BRDA:371,37,1,1
BRDA:412,38,0,7
BRDA:412,38,1,1
BRDA:14,39,0,1
BRDA:14,39,1,0
BRDA:14,40,0,1
BRDA:14,40,1,1
BRF:82
BRH:56
end_of_record
TN:
SF:src/appointments/dto/appointment-response.dto.ts
FNF:0
FNH:0
DA:3,0
DA:9,0
DA:15,0
DA:20,0
DA:25,0
DA:37,0
DA:48,0
DA:53,0
LF:8
LH:0
BRF:0
BRH:0
end_of_record
TN:
SF:src/appointments/dto/create-appointment.dto.ts
FNF:0
FNH:0
DA:1,0
DA:3,0
DA:5,0
DA:8,0
DA:12,0
LF:5
LH:0
BRF:0
BRH:0
end_of_record
TN:
SF:src/appointments/dto/index.ts
FNF:0
FNH:0
DA:1,0
DA:2,0
DA:3,0
LF:3
LH:0
BRF:0
BRH:0
end_of_record
TN:
SF:src/appointments/dto/list-appointments-query.dto.ts
FN:14,(anonymous_2)
FN:20,(anonymous_3)
FNF:2
FNH:0
FNDA:0,(anonymous_2)
FNDA:0,(anonymous_3)
DA:1,0
DA:10,0
DA:11,0
DA:13,0
DA:14,0
DA:18,0
DA:20,0
DA:25,0
DA:29,0
DA:33,0
DA:37,0
DA:41,0
DA:45,0
LF:13
LH:0
BRDA:29,0,0,0
BRDA:29,0,1,0
BRDA:29,1,0,0
BRDA:29,1,1,0
BRF:4
BRH:0
end_of_record
TN:
SF:src/doctors/doctors.controller.ts
FN:17,(anonymous_4)
FN:24,(anonymous_5)
FN:33,(anonymous_6)
FN:42,(anonymous_7)
FN:56,(anonymous_8)
FNF:5
FNH:0
FNDA:0,(anonymous_4)
FNDA:0,(anonymous_5)
FNDA:0,(anonymous_6)
FNDA:0,(anonymous_7)
FNDA:0,(anonymous_8)
DA:1,0
DA:10,0
DA:11,0
DA:12,0
DA:13,0
DA:16,0
DA:17,0
DA:24,0
DA:25,0
DA:33,0
DA:34,0
DA:42,0
DA:46,0
DA:56,0
DA:61,0
DA:63,0
LF:16
LH:0
BRDA:24,0,0,0
BRDA:24,0,1,0
BRDA:24,1,0,0
BRDA:24,1,1,0
BRDA:44,2,0,0
BRDA:44,2,1,0
BRDA:44,3,0,0
BRDA:44,3,1,0
BRDA:58,4,0,0
BRDA:58,4,1,0
BRDA:58,5,0,0
BRDA:58,5,1,0
BRDA:17,6,0,0
BRDA:17,6,1,0
BRDA:17,7,0,0
BRDA:17,7,1,0
BRF:16
BRH:0
end_of_record
TN:
SF:src/doctors/doctors.module.ts
FNF:0
FNH:0
DA:1,0
DA:2,0
DA:3,0
DA:4,0
DA:12,0
LF:5
LH:0
BRF:0
BRH:0
end_of_record
TN:
SF:src/doctors/doctors.service.ts
FN:16,(anonymous_2)
FN:21,(anonymous_3)
FN:69,(anonymous_4)
FN:97,(anonymous_5)
FN:134,(anonymous_6)
FN:187,(anonymous_7)
FN:195,(anonymous_8)
FN:220,(anonymous_9)
FN:292,(anonymous_10)
FN:300,(anonymous_11)
FN:323,(anonymous_12)
FN:341,(anonymous_13)
FN:353,(anonymous_14)
FN:369,(anonymous_15)
FN:380,(anonymous_16)
FN:386,(anonymous_17)
FN:392,(anonymous_18)
FNF:17
FNH:0
FNDA:0,(anonymous_2)
FNDA:0,(anonymous_3)
FNDA:0,(anonymous_4)
FNDA:0,(anonymous_5)
FNDA:0,(anonymous_6)
FNDA:0,(anonymous_7)
FNDA:0,(anonymous_8)
FNDA:0,(anonymous_9)
FNDA:0,(anonymous_10)
FNDA:0,(anonymous_11)
FNDA:0,(anonymous_12)
FNDA:0,(anonymous_13)
FNDA:0,(anonymous_14)
FNDA:0,(anonymous_15)
FNDA:0,(anonymous_16)
FNDA:0,(anonymous_17)
FNDA:0,(anonymous_18)
DA:1,0
DA:8,0
DA:12,0
DA:15,0
DA:16,0
DA:22,0
DA:23,0
DA:26,0
DA:30,0
DA:31,0
DA:33,0
DA:34,0
DA:40,0
DA:41,0
DA:53,0
DA:56,0
DA:69,0
DA:82,0
DA:98,0
DA:105,0
DA:106,0
DA:109,0
DA:135,0
DA:138,0
DA:143,0
DA:144,0
DA:148,0
DA:149,0
DA:151,0
DA:152,0
DA:157,0
DA:158,0
DA:159,0
DA:163,0
DA:187,0
DA:194,0
DA:195,0
DA:196,0
DA:198,0
DA:226,0
DA:230,0
DA:231,0
DA:236,0
DA:237,0
DA:241,0
DA:242,0
DA:243,0
DA:245,0
DA:246,0
DA:252,0
DA:253,0
DA:254,0
DA:261,0
DA:262,0
DA:263,0
DA:264,0
DA:265,0
DA:266,0
DA:268,0
DA:269,0
DA:277,0
DA:292,0
DA:297,0
DA:298,0
DA:299,0
DA:301,0
DA:305,0
DA:306,0
DA:313,0
DA:314,0
DA:315,0
DA:318,0
DA:319,0
DA:320,0
DA:322,0
DA:324,0
DA:328,0
DA:330,0
DA:333,0
DA:338,0
DA:339,0
DA:340,0
DA:342,0
DA:346,0
DA:347,0
DA:352,0
DA:354,0
DA:365,0
DA:366,0
DA:369,0
DA:379,0
DA:380,0
DA:386,0
DA:392,0
DA:394,0
LF:95
LH:0
BRDA:22,0,0,0
BRDA:22,1,0,0
BRDA:30,2,0,0
BRDA:30,2,1,0
BRDA:30,3,0,0
BRDA:30,3,1,0
BRDA:33,4,0,0
BRDA:33,4,1,0
BRDA:40,5,0,0
BRDA:40,5,1,0
BRDA:74,6,0,0
BRDA:74,6,1,0
BRDA:105,7,0,0
BRDA:105,7,1,0
BRDA:105,8,0,0
BRDA:105,8,1,0
BRDA:117,9,0,0
BRDA:117,9,1,0
BRDA:143,10,0,0
BRDA:143,10,1,0
BRDA:143,11,0,0
BRDA:143,11,1,0
BRDA:151,12,0,0
BRDA:151,12,1,0
BRDA:158,13,0,0
BRDA:158,13,1,0
BRDA:230,14,0,0
BRDA:230,14,1,0
BRDA:230,15,0,0
BRDA:230,15,1,0
BRDA:236,16,0,0
BRDA:236,16,1,0
BRDA:245,17,0,0
BRDA:245,17,1,0
BRDA:253,18,0,0
BRDA:253,18,1,0
BRDA:268,19,0,0
BRDA:268,19,1,0
BRDA:268,20,0,0
BRDA:268,20,1,0
BRDA:301,21,0,0
BRDA:301,21,1,0
BRDA:305,22,0,0
BRDA:305,22,1,0
BRDA:305,23,0,0
BRDA:305,23,1,0
BRDA:324,24,0,0
BRDA:324,24,1,0
BRDA:328,25,0,0
BRDA:328,25,1,0
BRDA:342,26,0,0
BRDA:342,26,1,0
BRDA:346,27,0,0
BRDA:346,27,1,0
BRDA:346,28,0,0
BRDA:346,28,1,0
BRDA:365,29,0,0
BRDA:365,29,1,0
BRDA:16,30,0,0
BRDA:16,30,1,0
BRDA:16,31,0,0
BRDA:16,31,1,0
BRF:62
BRH:0
end_of_record
TN:
SF:src/doctors/dto/availability-response.dto.ts
FNF:0
FNH:0
DA:1,0
DA:8,0
DA:14,0
DA:28,0
LF:4
LH:0
BRF:0
BRH:0
end_of_record
TN:
SF:src/doctors/dto/doctor-response.dto.ts
FNF:0
FNH:0
DA:1,0
DA:6,0
DA:16,0
DA:23,0
DA:29,0
LF:5
LH:0
BRF:0
BRH:0
end_of_record
TN:
SF:src/doctors/dto/get-availability-query.dto.ts
FNF:0
FNH:0
DA:1,0
DA:3,0
DA:6,0
DA:10,0
LF:4
LH:0
BRF:0
BRH:0
end_of_record
TN:
SF:src/doctors/dto/index.ts
FNF:0
FNH:0
DA:1,0
DA:2,0
DA:3,0
DA:4,0
DA:5,0
LF:5
LH:0
BRF:0
BRH:0
end_of_record
TN:
SF:src/doctors/dto/list-doctors-query.dto.ts
FN:6,(anonymous_2)
FN:12,(anonymous_3)
FNF:2
FNH:0
FNDA:0,(anonymous_2)
FNDA:0,(anonymous_3)
DA:1,0
DA:2,0
DA:4,0
DA:6,0
DA:9,0
DA:12,0
DA:16,0
DA:20,0
DA:24,0
LF:9
LH:0
BRF:0
BRH:0
end_of_record
TN:
SF:src/doctors/dto/update-schedule.dto.ts
FN:22,(anonymous_2)
FNF:1
FNH:0
FNDA:0,(anonymous_2)
DA:1,0
DA:7,0
DA:9,0
DA:12,0
DA:16,0
DA:19,0
DA:22,0
DA:23,0
LF:8
LH:0
BRF:0
BRH:0
end_of_record
TN:
SF:src/prisma/prisma.module.ts
FNF:0
FNH:0
DA:1,0
DA:2,0
DA:9,0
LF:3
LH:0
BRF:0
BRH:0
end_of_record
TN:
SF:src/prisma/prisma.service.ts
FN:9,(anonymous_1)
FN:13,(anonymous_2)
FNF:2
FNH:0
FNDA:0,(anonymous_1)
FNDA:0,(anonymous_2)
DA:1,1
DA:2,1
DA:5,1
DA:10,0
DA:14,0
LF:5
LH:3
BRF:0
BRH:0
end_of_record
